<?xml version="1.0" encoding="UTF-8"?>
<!-- Generated by org.testng.reporters.JUnitReportReporter -->
<testsuite skipped="4" hostname="DESKTOP-8ECR7HO" name="feishuo.BaiduWebUITest.baidu" tests="4" failures="0" timestamp="04 八月 2017 03:36:56 GMT" time="0.078" errors="0">
  <testcase name="testKyyPC" time="0.078" classname="feishuo.BaiduWebUITest.baidu">
    <skipped/>
  </testcase> <!-- testKyyPC -->
  <testcase name="testie" classname="feishuo.BaiduWebUITest.baidu">
    <skipped/>
  </testcase> <!-- testie -->
  <testcase name="testchrome" classname="feishuo.BaiduWebUITest.baidu">
    <skipped/>
  </testcase> <!-- testchrome -->
  <testcase name="testfirefox" classname="feishuo.BaiduWebUITest.baidu">
    <skipped/>
  </testcase> <!-- testfirefox -->
</testsuite> <!-- feishuo.BaiduWebUITest.baidu -->
