<?xml version="1.0" encoding="UTF-8"?>
<!-- Generated by org.testng.reporters.JUnitReportReporter -->
<testsuite skipped="0" hostname="DESKTOP-8ECR7HO" name="feishuo.BaiduWebUITest.dabao" tests="1" failures="0" timestamp="25 七月 2017 02:55:22 GMT" time="0.007" errors="0">
  <testcase name="da" time="0.007" classname="feishuo.BaiduWebUITest.dabao"/>
</testsuite> <!-- feishuo.BaiduWebUITest.dabao -->
