<?xml version="1.0" encoding="UTF-8"?>
<!-- Generated by org.testng.reporters.JUnitReportReporter -->
<testsuite skipped="0" hostname="DESKTOP-8ECR7HO" name="feishuo.KyyAppUITest.HomePage" tests="3" failures="0" timestamp="28 十一月 2017 01:47:03 GMT" time="170.931" errors="0">
  <testcase name="testItemBottom" time="54.319" classname="feishuo.KyyAppUITest.HomePage"/>
  <testcase name="testItemMiddle" time="55.082" classname="feishuo.KyyAppUITest.HomePage"/>
  <testcase name="testPast" time="61.530" classname="feishuo.KyyAppUITest.HomePage"/>
</testsuite> <!-- feishuo.KyyAppUITest.HomePage -->
