<?xml version="1.0" encoding="UTF-8"?>
<!-- Generated by org.testng.reporters.JUnitReportReporter -->
<testsuite skipped="1" hostname="DESKTOP-8ECR7HO" name="feishuo.KyyAppUITest.Calculator" tests="1" failures="0" timestamp="05 九月 2017 02:58:24 GMT" time="50.102" errors="0">
  <testcase name="testCalculator" time="50.102" classname="feishuo.KyyAppUITest.Calculator">
    <skipped/>
  </testcase> <!-- testCalculator -->
</testsuite> <!-- feishuo.KyyAppUITest.Calculator -->
