<?xml version="1.0" encoding="UTF-8"?>
<!-- Generated by org.testng.reporters.JUnitReportReporter -->
<testsuite skipped="3" hostname="DESKTOP-8ECR7HO" name="feishuo.KyyAppUITest.Train" tests="4" failures="0" timestamp="28 十一月 2017 02:04:03 GMT" time="9.012" errors="0">
  <testcase name="testChoose" time="9.012" classname="feishuo.KyyAppUITest.Train"/>
  <testcase name="testTrainText" classname="feishuo.KyyAppUITest.Train">
    <skipped/>
  </testcase> <!-- testTrainText -->
  <testcase name="testTrainWord" classname="feishuo.KyyAppUITest.Train">
    <skipped/>
  </testcase> <!-- testTrainWord -->
  <testcase name="testChange" classname="feishuo.KyyAppUITest.Train">
    <skipped/>
  </testcase> <!-- testChange -->
</testsuite> <!-- feishuo.KyyAppUITest.Train -->
