<?xml version="1.0" encoding="UTF-8"?>
<!-- Generated by org.testng.reporters.JUnitReportReporter -->
<testsuite skipped="0" hostname="DESKTOP-8ECR7HO" name="feishuo.KyyAppUITest.LoginStudent" tests="5" failures="0" timestamp="28 十一月 2017 01:31:32 GMT" time="144.037" errors="0">
  <testcase name="testLogin_fail02" time="26.521" classname="feishuo.KyyAppUITest.LoginStudent"/>
  <testcase name="testLogin_fail05" time="22.534" classname="feishuo.KyyAppUITest.LoginStudent"/>
  <testcase name="testLogin_fail04" time="27.643" classname="feishuo.KyyAppUITest.LoginStudent"/>
  <testcase name="testLogin_OK" time="41.790" classname="feishuo.KyyAppUITest.LoginStudent"/>
  <testcase name="testLogin_fail01" time="25.549" classname="feishuo.KyyAppUITest.LoginStudent"/>
</testsuite> <!-- feishuo.KyyAppUITest.LoginStudent -->
