<?xml version="1.0" encoding="UTF-8"?>
<!-- Generated by org.testng.reporters.JUnitReportReporter -->
<testsuite skipped="2" hostname="DESKTOP-8ECR7HO" name="feishuo.KyyAppUITest.Link" tests="3" failures="0" timestamp="18 七月 2017 07:59:22 GMT" time="71.749" errors="0">
  <testcase name="testCheckTrain" time="71.749" classname="feishuo.KyyAppUITest.Link"/>
  <testcase name="testCheckHw2" classname="feishuo.KyyAppUITest.Link">
    <skipped/>
  </testcase> <!-- testCheckHw2 -->
  <testcase name="testCheckHw1" classname="feishuo.KyyAppUITest.Link">
    <skipped/>
  </testcase> <!-- testCheckHw1 -->
</testsuite> <!-- feishuo.KyyAppUITest.Link -->
